Release 14.7 - xst P.20131013 (nt64)
Copyright (c) 1995-2013 Xilinx, Inc.  All rights reserved.
--> Parameter TMPDIR set to xst/projnav.tmp


Total REAL time to Xst completion: 0.00 secs
Total CPU time to Xst completion: 0.08 secs
 
--> Parameter xsthdpdir set to xst


Total REAL time to Xst completion: 0.00 secs
Total CPU time to Xst completion: 0.08 secs
 
--> Reading design: accumulatore_mod3.prj

TABLE OF CONTENTS
  1) Synthesis Options Summary
  2) HDL Parsing
  3) HDL Elaboration
  4) HDL Synthesis
       4.1) HDL Synthesis Report
  5) Advanced HDL Synthesis
       5.1) Advanced HDL Synthesis Report
  6) Low Level Synthesis
  7) Partition Report
  8) Design Summary
       8.1) Primitive and Black Box Usage
       8.2) Device utilization summary
       8.3) Partition Resource Summary
       8.4) Timing Report
            8.4.1) Clock Information
            8.4.2) Asynchronous Control Signals Information
            8.4.3) Timing Summary
            8.4.4) Timing Details
            8.4.5) Cross Clock Domains Report


=========================================================================
*                      Synthesis Options Summary                        *
=========================================================================
---- Source Parameters
Input File Name                    : "accumulatore_mod3.prj"
Ignore Synthesis Constraint File   : NO

---- Target Parameters
Output File Name                   : "accumulatore_mod3"
Output Format                      : NGC
Target Device                      : xc6slx4-3-tqg144

---- Source Options
Top Module Name                    : accumulatore_mod3
Automatic FSM Extraction           : YES
FSM Encoding Algorithm             : Auto
Safe Implementation                : No
FSM Style                          : LUT
RAM Extraction                     : Yes
RAM Style                          : Auto
ROM Extraction                     : Yes
Shift Register Extraction          : YES
ROM Style                          : Auto
Resource Sharing                   : YES
Asynchronous To Synchronous        : NO
Shift Register Minimum Size        : 2
Use DSP Block                      : Auto
Automatic Register Balancing       : No

---- Target Options
LUT Combining                      : Auto
Reduce Control Sets                : Auto
Add IO Buffers                     : YES
Global Maximum Fanout              : 100000
Add Generic Clock Buffer(BUFG)     : 16
Register Duplication               : YES
Optimize Instantiated Primitives   : NO
Use Clock Enable                   : Auto
Use Synchronous Set                : Auto
Use Synchronous Reset              : Auto
Pack IO Registers into IOBs        : Auto
Equivalent register Removal        : YES

---- General Options
Optimization Goal                  : Speed
Optimization Effort                : 1
Power Reduction                    : NO
Keep Hierarchy                     : No
Netlist Hierarchy                  : As_Optimized
RTL Output                         : Yes
Global Optimization                : AllClockNets
Read Cores                         : YES
Write Timing Constraints           : NO
Cross Clock Analysis               : NO
Hierarchy Separator                : /
Bus Delimiter                      : <>
Case Specifier                     : Maintain
Slice Utilization Ratio            : 100
BRAM Utilization Ratio             : 100
DSP48 Utilization Ratio            : 100
Auto BRAM Packing                  : NO
Slice Utilization Ratio Delta      : 5

=========================================================================


=========================================================================
*                          HDL Parsing                                  *
=========================================================================
Parsing VHDL file "C:\Users\marco\Documents\XilinxProjects\porta\contatore_mod4.vhd" into library work
Parsing entity <contatore_mod4>.
Parsing architecture <Behavioral> of entity <contatore_mod4>.
Parsing VHDL file "C:\Users\marco\Documents\XilinxProjects\porta\accumulatore_mod3.vhd" into library work
Parsing entity <accumulatore_mod3>.
Parsing architecture <Behavioral> of entity <accumulatore_mod3>.

=========================================================================
*                            HDL Elaboration                            *
=========================================================================

Elaborating entity <accumulatore_mod3> (architecture <Behavioral>) from library <work>.

Elaborating entity <contatore_mod4> (architecture <Behavioral>) from library <work>.

=========================================================================
*                           HDL Synthesis                               *
=========================================================================

Synthesizing Unit <accumulatore_mod3>.
    Related source file is "C:\Users\marco\Documents\XilinxProjects\porta\accumulatore_mod3.vhd".
    Summary:
	no macro.
Unit <accumulatore_mod3> synthesized.

Synthesizing Unit <contatore_mod4>.
    Related source file is "C:\Users\marco\Documents\XilinxProjects\porta\contatore_mod4.vhd".
    Found 2-bit register for signal <counter_up>.
    Found 2-bit adder for signal <counter_up[1]_GND_6_o_add_0_OUT> created at line 48.
    Summary:
	inferred   1 Adder/Subtractor(s).
	inferred   2 D-type flip-flop(s).
Unit <contatore_mod4> synthesized.

=========================================================================
HDL Synthesis Report

Macro Statistics
# Adders/Subtractors                                   : 1
 2-bit adder                                           : 1
# Registers                                            : 1
 2-bit register                                        : 1

=========================================================================

=========================================================================
*                       Advanced HDL Synthesis                          *
=========================================================================


Synthesizing (advanced) Unit <contatore_mod4>.
The following registers are absorbed into counter <counter_up>: 1 register on signal <counter_up>.
Unit <contatore_mod4> synthesized (advanced).

=========================================================================
Advanced HDL Synthesis Report

Macro Statistics
# Counters                                             : 1
 2-bit up counter                                      : 1

=========================================================================

=========================================================================
*                         Low Level Synthesis                           *
=========================================================================

Optimizing unit <accumulatore_mod3> ...

Mapping all equations...
Building and optimizing final netlist ...
Found area constraint ratio of 100 (+ 5) on block accumulatore_mod3, actual ratio is 0.

Final Macro Processing ...

=========================================================================
Final Register Report

Macro Statistics
# Registers                                            : 2
 Flip-Flops                                            : 2

=========================================================================

=========================================================================
*                           Partition Report                            *
=========================================================================

Partition Implementation Status
-------------------------------

  No Partitions were found in this design.

-------------------------------

=========================================================================
*                            Design Summary                             *
=========================================================================

Top Level Output File Name         : accumulatore_mod3.ngc

Primitive and Black Box Usage:
------------------------------
# BELS                             : 3
#      INV                         : 1
#      LUT2                        : 2
# FlipFlops/Latches                : 2
#      FDR                         : 2
# IO Buffers                       : 5
#      IBUF                        : 3
#      OBUF                        : 2

Device utilization summary:
---------------------------

Selected Device : 6slx4tqg144-3 


Slice Logic Utilization: 
 Number of Slice Registers:               2  out of   4800     0%  
 Number of Slice LUTs:                    3  out of   2400     0%  
    Number used as Logic:                 3  out of   2400     0%  

Slice Logic Distribution: 
 Number of LUT Flip Flop pairs used:      5
   Number with an unused Flip Flop:       3  out of      5    60%  
   Number with an unused LUT:             2  out of      5    40%  
   Number of fully used LUT-FF pairs:     0  out of      5     0%  
   Number of unique control sets:         1

IO Utilization: 
 Number of IOs:                           5
 Number of bonded IOBs:                   5  out of    102     4%  

Specific Feature Utilization:

---------------------------
Partition Resource Summary:
---------------------------

  No Partitions were found in this design.

---------------------------


=========================================================================
Timing Report

NOTE: THESE TIMING NUMBERS ARE ONLY A SYNTHESIS ESTIMATE.
      FOR ACCURATE TIMING INFORMATION PLEASE REFER TO THE TRACE REPORT
      GENERATED AFTER PLACE-and-ROUTE.

Clock Information:
------------------
-----------------------------------+-------------------------+-------+
Clock Signal                       | Clock buffer(FF name)   | Load  |
-----------------------------------+-------------------------+-------+
clk_star(clk_star1:O)              | NONE(*)(c1/counter_up_0)| 2     |
-----------------------------------+-------------------------+-------+
(*) This 1 clock signal(s) are generated by combinatorial logic,
and XST is not able to identify which are the primary clock signals.
Please use the CLOCK_SIGNAL constraint to specify the clock signal(s) generated by combinatorial logic.
INFO:Xst:2169 - HDL ADVISOR - Some clock signals were not automatically buffered by XST with BUFG/BUFR resources. Please use the buffer_type constraint in order to insert these buffers to the clock signals to help prevent skew problems.

Asynchronous Control Signals Information:
----------------------------------------
No asynchronous control signals found in this design

Timing Summary:
---------------
Speed Grade: -3

   Minimum period: 1.984ns (Maximum Frequency: 504.007MHz)
   Minimum input arrival time before clock: 2.268ns
   Maximum output required time after clock: 3.668ns
   Maximum combinational path delay: No path found

Timing Details:
---------------
All values displayed in nanoseconds (ns)

=========================================================================
Timing constraint: Default period analysis for Clock 'clk_star'
  Clock period: 1.984ns (frequency: 504.007MHz)
  Total number of paths / destination ports: 3 / 2
-------------------------------------------------------------------------
Delay:               1.984ns (Levels of Logic = 1)
  Source:            c1/counter_up_0 (FF)
  Destination:       c1/counter_up_0 (FF)
  Source Clock:      clk_star rising
  Destination Clock: clk_star rising

  Data Path: c1/counter_up_0 to c1/counter_up_0
                                Gate     Net
    Cell:in->out      fanout   Delay   Delay  Logical Name (Net Name)
    ----------------------------------------  ------------
     FDR:C->Q              3   0.447   0.650  c1/counter_up_0 (c1/counter_up_0)
     INV:I->O              1   0.206   0.579  c1/Mcount_counter_up_xor<0>11_INV_0 (Result<0>)
     FDR:D                     0.102          c1/counter_up_0
    ----------------------------------------
    Total                      1.984ns (0.755ns logic, 1.229ns route)
                                       (38.1% logic, 61.9% route)

=========================================================================
Timing constraint: Default OFFSET IN BEFORE for Clock 'clk_star'
  Total number of paths / destination ports: 2 / 2
-------------------------------------------------------------------------
Offset:              2.268ns (Levels of Logic = 1)
  Source:            rst (PAD)
  Destination:       c1/counter_up_0 (FF)
  Destination Clock: clk_star rising

  Data Path: rst to c1/counter_up_0
                                Gate     Net
    Cell:in->out      fanout   Delay   Delay  Logical Name (Net Name)
    ----------------------------------------  ------------
     IBUF:I->O             2   1.222   0.616  rst_IBUF (rst_IBUF)
     FDR:R                     0.430          c1/counter_up_0
    ----------------------------------------
    Total                      2.268ns (1.652ns logic, 0.616ns route)
                                       (72.8% logic, 27.2% route)

=========================================================================
Timing constraint: Default OFFSET OUT AFTER for Clock 'clk_star'
  Total number of paths / destination ports: 2 / 2
-------------------------------------------------------------------------
Offset:              3.668ns (Levels of Logic = 1)
  Source:            c1/counter_up_0 (FF)
  Destination:       count<0> (PAD)
  Source Clock:      clk_star rising

  Data Path: c1/counter_up_0 to count<0>
                                Gate     Net
    Cell:in->out      fanout   Delay   Delay  Logical Name (Net Name)
    ----------------------------------------  ------------
     FDR:C->Q              3   0.447   0.650  c1/counter_up_0 (c1/counter_up_0)
     OBUF:I->O                 2.571          count_0_OBUF (count<0>)
    ----------------------------------------
    Total                      3.668ns (3.018ns logic, 0.650ns route)
                                       (82.3% logic, 17.7% route)

=========================================================================

Cross Clock Domains Report:
--------------------------

Clock to Setup on destination clock clk_star
---------------+---------+---------+---------+---------+
               | Src:Rise| Src:Fall| Src:Rise| Src:Fall|
Source Clock   |Dest:Rise|Dest:Rise|Dest:Fall|Dest:Fall|
---------------+---------+---------+---------+---------+
clk_star       |    1.984|         |         |         |
---------------+---------+---------+---------+---------+

=========================================================================


Total REAL time to Xst completion: 4.00 secs
Total CPU time to Xst completion: 4.30 secs
 
--> 

Total memory usage is 4510216 kilobytes

Number of errors   :    0 (   0 filtered)
Number of warnings :    0 (   0 filtered)
Number of infos    :    1 (   0 filtered)

