Command line:
   controllore_isim_beh.exe
     -simmode  gui
     -simrunnum  0
     -socket  49698

Sun Dec 30 17:43:38 2018


 Elaboration Time: 0.03125 sec

 Current Memory Usage: 5177.46 Meg

 Total Signals          : 4
 Total Nets             : 4
 Total Signal Drivers   : 1
 Total Blocks           : 2
 Total Primitive Blocks : 2
 Total Processes        : 1
 Total Traceable Variables  : 8
 Total Scalar Nets and Variables : 364
Total Line Count : 4

 Total Simulation Time: 0.03125 sec

 Current Memory Usage: 5177.46 Meg

Sun Dec 30 17:43:44 2018

