Command line:
   contatore_mod4_tb_isim_beh.exe
     -simmode  gui
     -simrunnum  0
     -socket  50109

Thu Dec 27 18:13:36 2018


 Elaboration Time: 0.03125 sec

 Current Memory Usage: 5176.96 Meg

 Total Signals          : 7
 Total Nets             : 6
 Total Signal Drivers   : 4
 Total Blocks           : 5
 Total Primitive Blocks : 4
 Total Processes        : 4
 Total Traceable Variables  : 11
 Total Scalar Nets and Variables : 385
Total Line Count : 13

 Total Simulation Time: 0.0625 sec

 Current Memory Usage: 5176.96 Meg

Thu Dec 27 18:14:02 2018

