Command line:
   counter2_VHDL_isim_beh.exe
     -simmode  gui
     -simrunnum  0
     -socket  50010

Thu Dec 27 17:41:45 2018


 Elaboration Time: 0.03125 sec

 Current Memory Usage: 5177.53 Meg

 Total Signals          : 5
 Total Nets             : 7
 Total Signal Drivers   : 2
 Total Blocks           : 4
 Total Primitive Blocks : 4
 Total Processes        : 1
 Total Traceable Variables  : 10
 Total Scalar Nets and Variables : 385
Total Line Count : 7

 Total Simulation Time: 0.03125 sec

 Current Memory Usage: 5177.53 Meg

Thu Dec 27 17:41:50 2018

