Command line:
   contatore_mod4_isim_beh.exe
     -simmode  gui
     -simrunnum  0
     -socket  50053

Thu Dec 27 17:54:31 2018


 Elaboration Time: 0.03125 sec

 Current Memory Usage: 5177.54 Meg

 Total Signals          : 4
 Total Nets             : 6
 Total Signal Drivers   : 2
 Total Blocks           : 4
 Total Primitive Blocks : 4
 Total Processes        : 2
 Total Traceable Variables  : 10
 Total Scalar Nets and Variables : 384
Total Line Count : 5

 Total Simulation Time: 0.03125 sec

 Current Memory Usage: 5177.54 Meg

Thu Dec 27 17:54:33 2018

