Command line:
   global_simple_tb_isim_beh.exe
     -simmode  gui
     -simrunnum  0
     -socket  50188

Fri Dec 28 22:49:36 2018


 Elaboration Time: 0.03125 sec

 Current Memory Usage: 5177 Meg

 Total Signals          : 38
 Total Nets             : 34
 Total Signal Drivers   : 22
 Total Blocks           : 7
 Total Primitive Blocks : 5
 Total Processes        : 13
 Total Traceable Variables  : 21
 Total Scalar Nets and Variables : 446
Total Line Count : 423

 Total Simulation Time: 0.046875 sec

 Current Memory Usage: 5491.57 Meg

Fri Dec 28 22:50:18 2018

