Command line:
   global_hard_tb_isim_beh.exe
     -simmode  gui
     -simrunnum  0
     -socket  50875

Fri Jan 04 18:47:13 2019


 Elaboration Time: 0.015625 sec

 Current Memory Usage: 5176.98 Meg

 Total Signals          : 38
 Total Nets             : 36
 Total Signal Drivers   : 21
 Total Blocks           : 7
 Total Primitive Blocks : 5
 Total Processes        : 12
 Total Traceable Variables  : 19
 Total Scalar Nets and Variables : 443
Total Line Count : 436

 Total Simulation Time: 0.125 sec

 Current Memory Usage: 5491.55 Meg

Fri Jan 04 18:47:44 2019

